0 info it worked if it ends with ok
1 verbose cli [ 'C:\\Program Files\\nodejs\\\\node.exe',
1 verbose cli   'C:\\Program Files\\nodejs\\node_modules\\npm\\bin\\npm-cli.js',
1 verbose cli   'install',
1 verbose cli   'babyparse' ]
2 info using npm@2.11.3
3 info using node@v0.12.7
4 verbose install initial load of C:\Users\HKOS\bin\webDev\meteor\vinmonopolet\package.json
5 verbose readDependencies loading dependencies from C:\Users\HKOS\bin\webDev\meteor\vinmonopolet\package.json
6 silly cache add args [ 'babyparse', null ]
7 verbose cache add spec babyparse
8 silly cache add parsed spec { raw: 'babyparse',
8 silly cache add   scope: null,
8 silly cache add   name: 'babyparse',
8 silly cache add   rawSpec: '',
8 silly cache add   spec: '*',
8 silly cache add   type: 'range' }
9 silly addNamed babyparse@*
10 verbose addNamed "*" is a valid semver range for babyparse
11 silly addNameRange { name: 'babyparse', range: '*', hasData: false }
12 silly mapToRegistry name babyparse
13 silly mapToRegistry using default registry
14 silly mapToRegistry registry https://registry.npmjs.org/
15 silly mapToRegistry uri https://registry.npmjs.org/babyparse
16 verbose addNameRange registry:https://registry.npmjs.org/babyparse not in flight; fetching
17 verbose request uri https://registry.npmjs.org/babyparse
18 verbose request no auth needed
19 info attempt registry request try #1 at 20:11:56
20 verbose request id da4af93876aaedd6
21 verbose etag "AN6TBSEV8W6Z2IX6ERGTTX7JQ"
22 http request GET https://registry.npmjs.org/babyparse
23 http 304 https://registry.npmjs.org/babyparse
24 silly get cb [ 304,
24 silly get   { date: 'Wed, 09 Sep 2015 18:11:58 GMT',
24 silly get     via: '1.1 varnish',
24 silly get     'cache-control': 'max-age=60',
24 silly get     etag: '"AN6TBSEV8W6Z2IX6ERGTTX7JQ"',
24 silly get     age: '0',
24 silly get     connection: 'keep-alive',
24 silly get     'x-served-by': 'cache-fra1221-FRA',
24 silly get     'x-cache': 'HIT',
24 silly get     'x-cache-hits': '1',
24 silly get     'x-timer': 'S1441822318.110342,VS0,VE708',
24 silly get     vary: 'Accept' } ]
25 verbose etag https://registry.npmjs.org/babyparse from cache
26 verbose get saving babyparse to C:\Users\HKOS\AppData\Roaming\npm-cache\registry.npmjs.org\babyparse\.cache.json
27 silly addNameRange number 2 { name: 'babyparse', range: '*', hasData: true }
28 silly addNameRange versions [ 'babyparse',
28 silly addNameRange   [ '0.1.0', '0.2.0', '0.2.1', '0.4.0', '0.4.1', '0.4.2', '0.4.3' ] ]
29 silly addNamed babyparse@0.4.3
30 verbose addNamed "0.4.3" is a plain semver version for babyparse
31 silly mapToRegistry name babyparse
32 silly mapToRegistry using default registry
33 silly mapToRegistry registry https://registry.npmjs.org/
34 silly mapToRegistry uri https://registry.npmjs.org/babyparse
35 verbose addRemoteTarball https://registry.npmjs.org/babyparse/-/babyparse-0.4.3.tgz not in flight; adding
36 verbose addRemoteTarball [ 'https://registry.npmjs.org/babyparse/-/babyparse-0.4.3.tgz',
36 verbose addRemoteTarball   '6d61e36525910877f1f71d452c25d5adeb0a6607' ]
37 verbose stack Error: EPERM, mkdir 'C:\PROGRA~1\Java\JDK17~1.0\bin\javac\npm-10092-91c83e3c'
37 verbose stack     at Error (native)
38 verbose cwd C:\Users\HKOS\bin\webDev\meteor\vinmonopolet
39 error Windows_NT 6.1.7601
40 error argv "C:\\Program Files\\nodejs\\\\node.exe" "C:\\Program Files\\nodejs\\node_modules\\npm\\bin\\npm-cli.js" "install" "babyparse"
41 error node v0.12.7
42 error npm  v2.11.3
43 error path C:\PROGRA~1\Java\JDK17~1.0\bin\javac\npm-10092-91c83e3c
44 error code EPERM
45 error errno -4048
46 error Error: EPERM, mkdir 'C:\PROGRA~1\Java\JDK17~1.0\bin\javac\npm-10092-91c83e3c'
46 error     at Error (native)
46 error  { [Error: EPERM, mkdir 'C:\PROGRA~1\Java\JDK17~1.0\bin\javac\npm-10092-91c83e3c']
46 error   errno: -4048,
46 error   code: 'EPERM',
46 error   path: 'C:\\PROGRA~1\\Java\\JDK17~1.0\\bin\\javac\\npm-10092-91c83e3c' }
47 error Please try running this command again as root/Administrator.
48 verbose exit [ -4048, true ]
